[debug] [2018-07-18T23:13:47.487Z] ----------------------------------------------------------------------
[debug] [2018-07-18T23:13:47.489Z] Command:       C:\Program Files (x86)\nodejs\node.exe C:\Users\AdnanShah\AppData\Roaming\npm\node_modules\firebase-tools\bin\firebase deploy
[debug] [2018-07-18T23:13:47.489Z] CLI Version:   3.18.6
[debug] [2018-07-18T23:13:47.489Z] Platform:      win32
[debug] [2018-07-18T23:13:47.489Z] Node Version:  v8.9.4
[debug] [2018-07-18T23:13:47.490Z] Time:          Wed Jul 18 2018 16:13:47 GMT-0700 (Pacific Daylight Time)
[debug] [2018-07-18T23:13:47.490Z] ----------------------------------------------------------------------
[debug] 
[debug] [2018-07-18T23:13:47.639Z] > command requires scopes: ["email","openid","https://www.googleapis.com/auth/cloudplatformprojects.readonly","https://www.googleapis.com/auth/firebase","https://www.googleapis.com/auth/cloud-platform"]
[debug] [2018-07-18T23:13:47.640Z] > authorizing via signed-in user
[debug] [2018-07-18T23:13:47.643Z] > refreshing access token with scopes: ["email","https://www.googleapis.com/auth/cloud-platform","https://www.googleapis.com/auth/cloudplatformprojects.readonly","https://www.googleapis.com/auth/firebase","openid"]
[debug] [2018-07-18T23:13:47.643Z] >>> HTTP REQUEST POST https://www.googleapis.com/oauth2/v3/token  
 { refresh_token: '1/FKBA0xdQO3JTY_S4a8BnBbqTo6BmOjFAhaYLXFhDatM',
  client_id: '563584335869-fgrhgmd47bqnekij5i8b5pr03ho849e6.apps.googleusercontent.com',
  client_secret: 'j9iVZfS8kkCEFUPaAeJV0sAi',
  grant_type: 'refresh_token',
  scope: 'email https://www.googleapis.com/auth/cloud-platform https://www.googleapis.com/auth/cloudplatformprojects.readonly https://www.googleapis.com/auth/firebase openid' } 
 Wed Jul 18 2018 16:13:47 GMT-0700 (Pacific Daylight Time)
[debug] [2018-07-18T23:13:48.057Z] <<< HTTP RESPONSE 200
[debug] [2018-07-18T23:13:48.125Z] >>> HTTP REQUEST GET https://admin.firebase.com/v1/projects/assig-4b1ac  
  
 Wed Jul 18 2018 16:13:48 GMT-0700 (Pacific Daylight Time)
[debug] [2018-07-18T23:13:49.450Z] <<< HTTP RESPONSE 200
[debug] [2018-07-18T23:13:49.450Z] >>> HTTP REQUEST GET https://admin.firebase.com/v1/database/assig-4b1ac/tokens  
  
 Wed Jul 18 2018 16:13:49 GMT-0700 (Pacific Daylight Time)
[debug] [2018-07-18T23:13:50.388Z] <<< HTTP RESPONSE 200
[info] 
[info] === Deploying to 'assig-4b1ac'...
[info] 
[info] i  deploying hosting
[info] i  hosting: preparing dist directory for upload...
[debug] [2018-07-18T23:13:57.010Z] >>> HTTP REQUEST PUT https://deploy.firebase.com/v1/hosting/assig-4b1ac/uploads/-LHi9ozyosIa-to-h-Nn?fileCount=292&message=  
  
 Wed Jul 18 2018 16:13:57 GMT-0700 (Pacific Daylight Time)
[debug] [2018-07-18T23:15:00.488Z] Error: write ECONNRESET
    at _errnoException (util.js:1022:11)
    at WriteWrap.afterWrite [as oncomplete] (net.js:867:14)
[error] 
[error] Error: Server Error. write ECONNRESET
